<?xml version="1.0" encoding="UTF-8"?>
<testng-results ignored="0" total="2" passed="2" failed="0" skipped="0">
  <reporter-output>
  </reporter-output>
  <suite started-at="2024-09-08T12:02:37 IST" name="Shopping Site Check" finished-at="2024-09-08T12:02:47 IST" duration-ms="10102">
    <groups>
    </groups>
    <test started-at="2024-09-08T12:02:37 IST" name="ChromeTests" finished-at="2024-09-08T12:02:42 IST" duration-ms="5369">
      <class name="com.amazon.MultiBrowserTest">
        <test-method is-config="true" signature="setUp(java.lang.String)[pri:0, instance:com.amazon.MultiBrowserTest@402bba4f]" started-at="2024-09-08T12:02:37 IST" name="setUp" finished-at="2024-09-08T12:02:39 IST" duration-ms="1951" status="PASS">
          <params>
            <param index="0">
              <value>
                <![CDATA[chrome]]>
              </value>
            </param>
          </params>
          <reporter-output>
          </reporter-output>
        </test-method> <!-- setUp -->
        <test-method signature="testExample()[pri:0, instance:com.amazon.MultiBrowserTest@402bba4f]" started-at="2024-09-08T12:02:39 IST" name="testExample" finished-at="2024-09-08T12:02:42 IST" duration-ms="3175" status="PASS">
          <reporter-output>
          </reporter-output>
        </test-method> <!-- testExample -->
        <test-method is-config="true" signature="tearDown()[pri:0, instance:com.amazon.MultiBrowserTest@402bba4f]" started-at="2024-09-08T12:02:42 IST" name="tearDown" finished-at="2024-09-08T12:02:42 IST" duration-ms="197" status="PASS">
          <reporter-output>
          </reporter-output>
        </test-method> <!-- tearDown -->
        <test-method is-config="true" signature="afterTest()[pri:0, instance:com.amazon.MultiBrowserTest@402bba4f]" started-at="2024-09-08T12:02:42 IST" name="afterTest" finished-at="2024-09-08T12:02:42 IST" duration-ms="1" status="PASS">
          <reporter-output>
          </reporter-output>
        </test-method> <!-- afterTest -->
      </class> <!-- com.amazon.MultiBrowserTest -->
    </test> <!-- ChromeTests -->
    <test started-at="2024-09-08T12:02:42 IST" name="EdgeTests" finished-at="2024-09-08T12:02:47 IST" duration-ms="4703">
      <class name="com.amazon.MultiBrowserTest">
        <test-method is-config="true" signature="setUp(java.lang.String)[pri:0, instance:com.amazon.MultiBrowserTest@6d763516]" started-at="2024-09-08T12:02:42 IST" name="setUp" finished-at="2024-09-08T12:02:44 IST" duration-ms="1486" status="PASS">
          <params>
            <param index="0">
              <value>
                <![CDATA[edge]]>
              </value>
            </param>
          </params>
          <reporter-output>
          </reporter-output>
        </test-method> <!-- setUp -->
        <test-method signature="testExample()[pri:0, instance:com.amazon.MultiBrowserTest@6d763516]" started-at="2024-09-08T12:02:44 IST" name="testExample" finished-at="2024-09-08T12:02:46 IST" duration-ms="1913" status="PASS">
          <reporter-output>
          </reporter-output>
        </test-method> <!-- testExample -->
        <test-method is-config="true" signature="tearDown()[pri:0, instance:com.amazon.MultiBrowserTest@6d763516]" started-at="2024-09-08T12:02:46 IST" name="tearDown" finished-at="2024-09-08T12:02:47 IST" duration-ms="1300" status="PASS">
          <reporter-output>
          </reporter-output>
        </test-method> <!-- tearDown -->
        <test-method is-config="true" signature="afterTest()[pri:0, instance:com.amazon.MultiBrowserTest@6d763516]" started-at="2024-09-08T12:02:47 IST" name="afterTest" finished-at="2024-09-08T12:02:47 IST" duration-ms="0" status="PASS">
          <reporter-output>
          </reporter-output>
        </test-method> <!-- afterTest -->
      </class> <!-- com.amazon.MultiBrowserTest -->
    </test> <!-- EdgeTests -->
  </suite> <!-- Shopping Site Check -->
</testng-results>
