<?xml version="1.0" encoding="UTF-8"?>
<testng-results ignored="0" total="2" passed="2" failed="0" skipped="0">
  <reporter-output>
  </reporter-output>
  <suite started-at="2024-09-02T19:30:14 IST" name="Shopping Site Check" finished-at="2024-09-02T19:30:19 IST" duration-ms="5502">
    <groups>
    </groups>
    <test started-at="2024-09-02T19:30:14 IST" name="My Test" finished-at="2024-09-02T19:30:19 IST" duration-ms="5502">
      <class name="com.project.Shopping_sites">
        <test-method is-config="true" signature="beforeTest()[pri:0, instance:com.project.Shopping_sites@479d31f3]" started-at="2024-09-02T19:30:14 IST" name="beforeTest" finished-at="2024-09-02T19:30:16 IST" duration-ms="1815" status="PASS">
          <reporter-output>
          </reporter-output>
        </test-method> <!-- beforeTest -->
        <test-method signature="Amazon()[pri:1, instance:com.project.Shopping_sites@479d31f3]" started-at="2024-09-02T19:30:16 IST" name="Amazon" finished-at="2024-09-02T19:30:17 IST" duration-ms="1459" status="PASS">
          <reporter-output>
          </reporter-output>
        </test-method> <!-- Amazon -->
        <test-method is-config="true" signature="afterMethod()[pri:0, instance:com.project.Shopping_sites@479d31f3]" started-at="2024-09-02T19:30:17 IST" name="afterMethod" finished-at="2024-09-02T19:30:17 IST" duration-ms="71" status="PASS">
          <reporter-output>
          </reporter-output>
        </test-method> <!-- afterMethod -->
        <test-method signature="Filpkart()[pri:2, instance:com.project.Shopping_sites@479d31f3]" started-at="2024-09-02T19:30:17 IST" name="Filpkart" finished-at="2024-09-02T19:30:18 IST" duration-ms="622" status="PASS">
          <reporter-output>
          </reporter-output>
        </test-method> <!-- Filpkart -->
        <test-method is-config="true" signature="afterMethod()[pri:0, instance:com.project.Shopping_sites@479d31f3]" started-at="2024-09-02T19:30:18 IST" name="afterMethod" finished-at="2024-09-02T19:30:19 IST" duration-ms="1351" status="PASS">
          <reporter-output>
          </reporter-output>
        </test-method> <!-- afterMethod -->
        <test-method is-config="true" signature="afterTest()[pri:0, instance:com.project.Shopping_sites@479d31f3]" started-at="2024-09-02T19:30:19 IST" name="afterTest" finished-at="2024-09-02T19:30:19 IST" duration-ms="136" status="PASS">
          <reporter-output>
          </reporter-output>
        </test-method> <!-- afterTest -->
      </class> <!-- com.project.Shopping_sites -->
    </test> <!-- My Test -->
  </suite> <!-- Shopping Site Check -->
</testng-results>
