<?xml version="1.0" encoding="UTF-8"?>
<testng-results ignored="0" total="2" passed="2" failed="0" skipped="0">
  <reporter-output>
  </reporter-output>
  <suite started-at="2024-09-03T02:40:22 IST" name="Selenium Grid Multi-Browser Suite" finished-at="2024-09-03T02:40:29 IST" duration-ms="6854">
    <groups>
    </groups>
    <test started-at="2024-09-03T02:40:22 IST" name="Chrome Test" finished-at="2024-09-03T02:40:28 IST" duration-ms="6325">
      <class name="com.Grid.AMAZON">
        <test-method is-config="true" signature="beforeMethod(java.lang.String)[pri:0, instance:com.Grid.AMAZON@7b98f307]" started-at="2024-09-03T02:40:22 IST" name="beforeMethod" finished-at="2024-09-03T02:40:25 IST" duration-ms="2894" status="PASS">
          <params>
            <param index="0">
              <value>
                <![CDATA[chrome]]>
              </value>
            </param>
          </params>
          <reporter-output>
          </reporter-output>
        </test-method> <!-- beforeMethod -->
        <test-method signature="f()[pri:0, instance:com.Grid.AMAZON@7b98f307]" started-at="2024-09-03T02:40:25 IST" name="f" finished-at="2024-09-03T02:40:28 IST" duration-ms="3021" status="PASS">
          <reporter-output>
          </reporter-output>
        </test-method> <!-- f -->
        <test-method is-config="true" signature="afterTest()[pri:0, instance:com.Grid.AMAZON@7b98f307]" started-at="2024-09-03T02:40:28 IST" name="afterTest" finished-at="2024-09-03T02:40:28 IST" duration-ms="350" status="PASS">
          <reporter-output>
          </reporter-output>
        </test-method> <!-- afterTest -->
      </class> <!-- com.Grid.AMAZON -->
    </test> <!-- Chrome Test -->
    <test started-at="2024-09-03T02:40:22 IST" name="Edge Test" finished-at="2024-09-03T02:40:29 IST" duration-ms="6854">
      <class name="com.Grid.AMAZON">
        <test-method is-config="true" signature="beforeMethod(java.lang.String)[pri:0, instance:com.Grid.AMAZON@6989da5e]" started-at="2024-09-03T02:40:22 IST" name="beforeMethod" finished-at="2024-09-03T02:40:25 IST" duration-ms="2895" status="PASS">
          <params>
            <param index="0">
              <value>
                <![CDATA[edge]]>
              </value>
            </param>
          </params>
          <reporter-output>
          </reporter-output>
        </test-method> <!-- beforeMethod -->
        <test-method signature="f()[pri:0, instance:com.Grid.AMAZON@6989da5e]" started-at="2024-09-03T02:40:25 IST" name="f" finished-at="2024-09-03T02:40:27 IST" duration-ms="2490" status="PASS">
          <reporter-output>
          </reporter-output>
        </test-method> <!-- f -->
        <test-method is-config="true" signature="afterTest()[pri:0, instance:com.Grid.AMAZON@6989da5e]" started-at="2024-09-03T02:40:27 IST" name="afterTest" finished-at="2024-09-03T02:40:29 IST" duration-ms="1401" status="PASS">
          <reporter-output>
          </reporter-output>
        </test-method> <!-- afterTest -->
      </class> <!-- com.Grid.AMAZON -->
    </test> <!-- Edge Test -->
  </suite> <!-- Selenium Grid Multi-Browser Suite -->
</testng-results>
